  [1m[35m (2.2ms)[0m  [1m[34mSELECT sqlite_version(*)[0m
  [1m[35m (0.9ms)[0m  [1m[35mCREATE TABLE "schema_migrations" ("version" varchar NOT NULL PRIMARY KEY)[0m
  [1m[35m (0.7ms)[0m  [1m[35mCREATE TABLE "ar_internal_metadata" ("key" varchar NOT NULL PRIMARY KEY, "value" varchar, "created_at" datetime(6) NOT NULL, "updated_at" datetime(6) NOT NULL)[0m
  [1m[35m (0.1ms)[0m  [1m[34mSELECT "schema_migrations"."version" FROM "schema_migrations" ORDER BY "schema_migrations"."version" ASC[0m
Migrating to CreateRecipes (20210417164351)
  [1m[36mTRANSACTION (0.0ms)[0m  [1m[36mbegin transaction[0m
  [1m[35m (0.3ms)[0m  [1m[35mCREATE TABLE "recipes" ("id" integer PRIMARY KEY AUTOINCREMENT NOT NULL, "title" varchar, "instructions" varchar, "created_at" datetime(6) NOT NULL, "updated_at" datetime(6) NOT NULL)[0m
  [1m[36mActiveRecord::SchemaMigration Create (0.1ms)[0m  [1m[32mINSERT INTO "schema_migrations" ("version") VALUES (?)[0m  [["version", "20210417164351"]]
  [1m[36mTRANSACTION (0.6ms)[0m  [1m[36mcommit transaction[0m
Migrating to CreateIngredients (20210417164433)
  [1m[36mTRANSACTION (0.0ms)[0m  [1m[36mbegin transaction[0m
  [1m[35m (0.3ms)[0m  [1m[35mCREATE TABLE "ingredients" ("id" integer PRIMARY KEY AUTOINCREMENT NOT NULL, "name" varchar, "measurement" varchar, "recipe_id" integer, "created_at" datetime(6) NOT NULL, "updated_at" datetime(6) NOT NULL)[0m
  [1m[35m (0.1ms)[0m  [1m[35mCREATE INDEX "index_ingredients_on_recipe_id" ON "ingredients" ("recipe_id")[0m
  [1m[36mActiveRecord::SchemaMigration Create (0.1ms)[0m  [1m[32mINSERT INTO "schema_migrations" ("version") VALUES (?)[0m  [["version", "20210417164433"]]
  [1m[36mTRANSACTION (0.5ms)[0m  [1m[36mcommit transaction[0m
  [1m[36mActiveRecord::InternalMetadata Load (0.1ms)[0m  [1m[34mSELECT "ar_internal_metadata".* FROM "ar_internal_metadata" WHERE "ar_internal_metadata"."key" = ? LIMIT ?[0m  [["key", "environment"], ["LIMIT", 1]]
  [1m[36mTRANSACTION (0.0ms)[0m  [1m[36mbegin transaction[0m
  [1m[36mActiveRecord::InternalMetadata Create (0.2ms)[0m  [1m[32mINSERT INTO "ar_internal_metadata" ("key", "value", "created_at", "updated_at") VALUES (?, ?, ?, ?)[0m  [["key", "environment"], ["value", "development"], ["created_at", "2021-04-17 16:46:26.269997"], ["updated_at", "2021-04-17 16:46:26.269997"]]
  [1m[36mTRANSACTION (0.7ms)[0m  [1m[36mcommit transaction[0m
  [1m[35m (0.0ms)[0m  [1m[34mSELECT sqlite_version(*)[0m
  [1m[35m (0.1ms)[0m  [1m[34mSELECT "schema_migrations"."version" FROM "schema_migrations" ORDER BY "schema_migrations"."version" ASC[0m
  [1m[35m (0.3ms)[0m  [1m[34mSELECT sqlite_version(*)[0m
  [1m[35m (0.1ms)[0m  [1m[34mSELECT "schema_migrations"."version" FROM "schema_migrations" ORDER BY "schema_migrations"."version" ASC[0m
  [1m[35m (0.1ms)[0m  [1m[34mSELECT sqlite_version(*)[0m
  [1m[36mTRANSACTION (0.0ms)[0m  [1m[36mbegin transaction[0m
  [1m[36mRecipe Create (0.3ms)[0m  [1m[32mINSERT INTO "recipes" ("title", "created_at", "updated_at") VALUES (?, ?, ?)[0m  [["title", "Lettuce Salad"], ["created_at", "2021-04-17 17:37:48.278769"], ["updated_at", "2021-04-17 17:37:48.278769"]]
  [1m[36mTRANSACTION (1.2ms)[0m  [1m[36mcommit transaction[0m
  [1m[36mTRANSACTION (0.1ms)[0m  [1m[36mbegin transaction[0m
  [1m[36mRecipe Create (0.4ms)[0m  [1m[32mINSERT INTO "recipes" ("instructions", "created_at", "updated_at") VALUES (?, ?, ?)[0m  [["instructions", "Wash all produce before you use it. Only break up enough lettuce for each meal as it lasts longer whole.  Break up iceburg lettuce, romaine lettuce and fresh baby spinach into bite size pieces.  Mix together and place in either a large salad bowl or individual bowls. The cucumber can be peeled or not to taste. Slice it in medallions or long along the axis. Extra cucumber can be saved in an air tight bowl with a little water in it.  Cut the tops and bottoms off your radishes and slice them into medallions. Extra radishes can be saved in an open bowl with water in the bottom. Add grape tomatoes to salad. Save extras in the container they came in or a zip lock baggie. Allow diners to apply dressing of thier choice.  Optional toppings -- boiled eggs, shredded cheese, seeds, dried fruit, crutons, olives."], ["created_at", "2021-04-17 17:37:48.283250"], ["updated_at", "2021-04-17 17:37:48.283250"]]
  [1m[36mTRANSACTION (0.7ms)[0m  [1m[36mcommit transaction[0m
  [1m[36mTRANSACTION (0.0ms)[0m  [1m[36mbegin transaction[0m
  [1m[36mRecipe Load (0.1ms)[0m  [1m[34mSELECT "recipes".* FROM "recipes" WHERE "recipes"."id" = ? LIMIT ?[0m  [["id", 1], ["LIMIT", 1]]
  [1m[36mIngredient Create (0.3ms)[0m  [1m[32mINSERT INTO "ingredients" ("recipe_id", "created_at", "updated_at") VALUES (?, ?, ?)[0m  [["recipe_id", 1], ["created_at", "2021-04-17 17:37:48.313576"], ["updated_at", "2021-04-17 17:37:48.313576"]]
  [1m[36mTRANSACTION (0.7ms)[0m  [1m[36mcommit transaction[0m
  [1m[36mTRANSACTION (0.0ms)[0m  [1m[36mbegin transaction[0m
  [1m[36mRecipe Load (0.1ms)[0m  [1m[34mSELECT "recipes".* FROM "recipes" WHERE "recipes"."id" = ? LIMIT ?[0m  [["id", 1], ["LIMIT", 1]]
  [1m[36mIngredient Create (0.3ms)[0m  [1m[32mINSERT INTO "ingredients" ("recipe_id", "created_at", "updated_at") VALUES (?, ?, ?)[0m  [["recipe_id", 1], ["created_at", "2021-04-17 17:37:48.318858"], ["updated_at", "2021-04-17 17:37:48.318858"]]
  [1m[36mTRANSACTION (0.6ms)[0m  [1m[36mcommit transaction[0m
  [1m[36mTRANSACTION (0.1ms)[0m  [1m[36mbegin transaction[0m
  [1m[36mRecipe Load (0.1ms)[0m  [1m[34mSELECT "recipes".* FROM "recipes" WHERE "recipes"."id" = ? LIMIT ?[0m  [["id", 1], ["LIMIT", 1]]
  [1m[36mIngredient Create (0.4ms)[0m  [1m[32mINSERT INTO "ingredients" ("recipe_id", "created_at", "updated_at") VALUES (?, ?, ?)[0m  [["recipe_id", 1], ["created_at", "2021-04-17 17:37:48.323971"], ["updated_at", "2021-04-17 17:37:48.323971"]]
  [1m[36mTRANSACTION (0.8ms)[0m  [1m[36mcommit transaction[0m
  [1m[36mTRANSACTION (0.1ms)[0m  [1m[36mbegin transaction[0m
  [1m[36mRecipe Load (0.1ms)[0m  [1m[34mSELECT "recipes".* FROM "recipes" WHERE "recipes"."id" = ? LIMIT ?[0m  [["id", 1], ["LIMIT", 1]]
  [1m[36mIngredient Create (0.3ms)[0m  [1m[32mINSERT INTO "ingredients" ("recipe_id", "created_at", "updated_at") VALUES (?, ?, ?)[0m  [["recipe_id", 1], ["created_at", "2021-04-17 17:37:48.330530"], ["updated_at", "2021-04-17 17:37:48.330530"]]
  [1m[36mTRANSACTION (0.5ms)[0m  [1m[36mcommit transaction[0m
  [1m[36mTRANSACTION (0.0ms)[0m  [1m[36mbegin transaction[0m
  [1m[36mRecipe Load (0.1ms)[0m  [1m[34mSELECT "recipes".* FROM "recipes" WHERE "recipes"."id" = ? LIMIT ?[0m  [["id", 1], ["LIMIT", 1]]
  [1m[36mIngredient Create (0.2ms)[0m  [1m[32mINSERT INTO "ingredients" ("recipe_id", "created_at", "updated_at") VALUES (?, ?, ?)[0m  [["recipe_id", 1], ["created_at", "2021-04-17 17:37:48.334923"], ["updated_at", "2021-04-17 17:37:48.334923"]]
  [1m[36mTRANSACTION (0.5ms)[0m  [1m[36mcommit transaction[0m
  [1m[36mTRANSACTION (0.0ms)[0m  [1m[36mbegin transaction[0m
  [1m[36mRecipe Load (0.1ms)[0m  [1m[34mSELECT "recipes".* FROM "recipes" WHERE "recipes"."id" = ? LIMIT ?[0m  [["id", 1], ["LIMIT", 1]]
  [1m[36mIngredient Create (0.2ms)[0m  [1m[32mINSERT INTO "ingredients" ("recipe_id", "created_at", "updated_at") VALUES (?, ?, ?)[0m  [["recipe_id", 1], ["created_at", "2021-04-17 17:37:48.339235"], ["updated_at", "2021-04-17 17:37:48.339235"]]
  [1m[36mTRANSACTION (0.5ms)[0m  [1m[36mcommit transaction[0m
  [1m[36mTRANSACTION (0.0ms)[0m  [1m[36mbegin transaction[0m
  [1m[36mRecipe Load (0.1ms)[0m  [1m[34mSELECT "recipes".* FROM "recipes" WHERE "recipes"."id" = ? LIMIT ?[0m  [["id", 1], ["LIMIT", 1]]
  [1m[36mIngredient Create (0.2ms)[0m  [1m[32mINSERT INTO "ingredients" ("recipe_id", "created_at", "updated_at") VALUES (?, ?, ?)[0m  [["recipe_id", 1], ["created_at", "2021-04-17 17:37:48.343066"], ["updated_at", "2021-04-17 17:37:48.343066"]]
  [1m[36mTRANSACTION (0.5ms)[0m  [1m[36mcommit transaction[0m
Started GET "/" for 127.0.0.1 at 2021-04-17 12:39:36 -0500
  [1m[35m (1.6ms)[0m  [1m[34mSELECT sqlite_version(*)[0m
  [1m[35m (0.3ms)[0m  [1m[34mSELECT "schema_migrations"."version" FROM "schema_migrations" ORDER BY "schema_migrations"."version" ASC[0m
Processing by Rails::WelcomeController#index as HTML
  Rendering /Users/kimberlykohel-hayes/.rvm/gems/ruby-2.6.1/gems/railties-6.1.3.1/lib/rails/templates/rails/welcome/index.html.erb
  Rendered /Users/kimberlykohel-hayes/.rvm/gems/ruby-2.6.1/gems/railties-6.1.3.1/lib/rails/templates/rails/welcome/index.html.erb (Duration: 9.9ms | Allocations: 481)
Completed 200 OK in 48ms (Views: 18.3ms | ActiveRecord: 0.0ms | Allocations: 4151)


Started GET "/favicon.ico" for 127.0.0.1 at 2021-04-17 12:39:37 -0500
  
ActionController::RoutingError (No route matches [GET] "/favicon.ico"):
  
Started GET "/recipes" for 127.0.0.1 at 2021-04-17 12:39:54 -0500
Processing by RecipesController#index as HTML
  [1m[36mRecipe Load (0.2ms)[0m  [1m[34mSELECT "recipes".* FROM "recipes"[0m
  ↳ app/controllers/recipes_controller.rb:8:in `index'
Completed 200 OK in 8ms (Views: 4.8ms | ActiveRecord: 0.6ms | Allocations: 5566)


Started GET "/ingredients" for 127.0.0.1 at 2021-04-17 12:40:20 -0500
Processing by IngredientsController#index as HTML
  [1m[36mIngredient Load (0.2ms)[0m  [1m[34mSELECT "ingredients".* FROM "ingredients"[0m
  ↳ app/controllers/ingredients_controller.rb:8:in `index'
Completed 200 OK in 8ms (Views: 5.5ms | ActiveRecord: 0.6ms | Allocations: 5276)


Started GET "/recipes" for 127.0.0.1 at 2021-04-17 12:41:15 -0500
Processing by RecipesController#index as HTML
  [1m[36mRecipe Load (0.1ms)[0m  [1m[34mSELECT "recipes".* FROM "recipes"[0m
  ↳ app/controllers/recipes_controller.rb:8:in `index'
Completed 200 OK in 1ms (Views: 1.1ms | ActiveRecord: 0.1ms | Allocations: 826)


  [1m[35m (0.3ms)[0m  [1m[34mSELECT sqlite_version(*)[0m
  [1m[35m (0.1ms)[0m  [1m[34mSELECT "schema_migrations"."version" FROM "schema_migrations" ORDER BY "schema_migrations"."version" ASC[0m
  [1m[35m (0.3ms)[0m  [1m[34mSELECT sqlite_version(*)[0m
  [1m[35m (0.1ms)[0m  [1m[34mSELECT "schema_migrations"."version" FROM "schema_migrations" ORDER BY "schema_migrations"."version" ASC[0m
  [1m[35m (0.3ms)[0m  [1m[34mSELECT sqlite_version(*)[0m
  [1m[35m (0.1ms)[0m  [1m[34mSELECT "schema_migrations"."version" FROM "schema_migrations" ORDER BY "schema_migrations"."version" ASC[0m
  [1m[35m (0.1ms)[0m  [1m[34mSELECT "ar_internal_metadata"."value" FROM "ar_internal_metadata" WHERE "ar_internal_metadata"."key" = ?[0m  [["key", "environment"]]
  [1m[35m (0.1ms)[0m  [1m[34mSELECT "schema_migrations"."version" FROM "schema_migrations" ORDER BY "schema_migrations"."version" ASC[0m
  [1m[35m (0.1ms)[0m  [1m[34mSELECT "ar_internal_metadata"."value" FROM "ar_internal_metadata" WHERE "ar_internal_metadata"."key" = ?[0m  [["key", "environment"]]
  [1m[35m (0.1ms)[0m  [1m[34mSELECT "schema_migrations"."version" FROM "schema_migrations" ORDER BY "schema_migrations"."version" ASC[0m
  [1m[35m (0.1ms)[0m  [1m[34mSELECT "ar_internal_metadata"."value" FROM "ar_internal_metadata" WHERE "ar_internal_metadata"."key" = ?[0m  [["key", "environment"]]
  [1m[35m (0.3ms)[0m  [1m[34mSELECT sqlite_version(*)[0m
  [1m[35m (1.5ms)[0m  [1m[35mCREATE TABLE "schema_migrations" ("version" varchar NOT NULL PRIMARY KEY)[0m
  [1m[35m (0.9ms)[0m  [1m[35mCREATE TABLE "ar_internal_metadata" ("key" varchar NOT NULL PRIMARY KEY, "value" varchar, "created_at" datetime(6) NOT NULL, "updated_at" datetime(6) NOT NULL)[0m
  [1m[35m (0.1ms)[0m  [1m[34mSELECT "schema_migrations"."version" FROM "schema_migrations" ORDER BY "schema_migrations"."version" ASC[0m
Migrating to CreateRecipes (20210417164351)
  [1m[36mTRANSACTION (0.0ms)[0m  [1m[36mbegin transaction[0m
  [1m[35m (0.3ms)[0m  [1m[35mCREATE TABLE "recipes" ("id" integer PRIMARY KEY AUTOINCREMENT NOT NULL, "title" varchar, "instructions" varchar, "created_at" datetime(6) NOT NULL, "updated_at" datetime(6) NOT NULL)[0m
  [1m[36mActiveRecord::SchemaMigration Create (0.1ms)[0m  [1m[32mINSERT INTO "schema_migrations" ("version") VALUES (?)[0m  [["version", "20210417164351"]]
  [1m[36mTRANSACTION (0.8ms)[0m  [1m[36mcommit transaction[0m
Migrating to CreateIngredients (20210417164433)
  [1m[36mTRANSACTION (0.0ms)[0m  [1m[36mbegin transaction[0m
  [1m[35m (0.3ms)[0m  [1m[35mCREATE TABLE "ingredients" ("id" integer PRIMARY KEY AUTOINCREMENT NOT NULL, "name" varchar, "measurement" varchar, "recipe_id" integer, "created_at" datetime(6) NOT NULL, "updated_at" datetime(6) NOT NULL)[0m
  [1m[35m (0.1ms)[0m  [1m[35mCREATE INDEX "index_ingredients_on_recipe_id" ON "ingredients" ("recipe_id")[0m
  [1m[36mActiveRecord::SchemaMigration Create (0.1ms)[0m  [1m[32mINSERT INTO "schema_migrations" ("version") VALUES (?)[0m  [["version", "20210417164433"]]
  [1m[36mTRANSACTION (0.8ms)[0m  [1m[36mcommit transaction[0m
  [1m[36mActiveRecord::InternalMetadata Load (0.2ms)[0m  [1m[34mSELECT "ar_internal_metadata".* FROM "ar_internal_metadata" WHERE "ar_internal_metadata"."key" = ? LIMIT ?[0m  [["key", "environment"], ["LIMIT", 1]]
  [1m[36mTRANSACTION (0.0ms)[0m  [1m[36mbegin transaction[0m
  [1m[36mActiveRecord::InternalMetadata Create (0.3ms)[0m  [1m[32mINSERT INTO "ar_internal_metadata" ("key", "value", "created_at", "updated_at") VALUES (?, ?, ?, ?)[0m  [["key", "environment"], ["value", "development"], ["created_at", "2021-04-17 17:45:44.049470"], ["updated_at", "2021-04-17 17:45:44.049470"]]
  [1m[36mTRANSACTION (0.7ms)[0m  [1m[36mcommit transaction[0m
  [1m[35m (0.0ms)[0m  [1m[34mSELECT sqlite_version(*)[0m
  [1m[35m (0.1ms)[0m  [1m[34mSELECT "schema_migrations"."version" FROM "schema_migrations" ORDER BY "schema_migrations"."version" ASC[0m
  [1m[35m (0.3ms)[0m  [1m[34mSELECT sqlite_version(*)[0m
  [1m[35m (0.1ms)[0m  [1m[34mSELECT "schema_migrations"."version" FROM "schema_migrations" ORDER BY "schema_migrations"."version" ASC[0m
  [1m[35m (0.0ms)[0m  [1m[34mSELECT sqlite_version(*)[0m
  [1m[36mTRANSACTION (0.0ms)[0m  [1m[36mbegin transaction[0m
  [1m[36mRecipe Create (0.3ms)[0m  [1m[32mINSERT INTO "recipes" ("title", "instructions", "created_at", "updated_at") VALUES (?, ?, ?, ?)[0m  [["title", "Lettuce Salad"], ["instructions", "Wash all produce before you use it. Only break up enough lettuce for each meal as it lasts longer whole.  Break up iceburg lettuce, romaine lettuce and fresh baby spinach into bite size pieces.  Mix together and place in either a large salad bowl or individual bowls. The cucumber can be peeled or not to taste. Slice it in medallions or long along the axis. Extra cucumber can be saved in an air tight bowl with a little water in it.  Cut the tops and bottoms off your radishes and slice them into medallions. Extra radishes can be saved in an open bowl with water in the bottom. Add grape tomatoes to salad. Save extras in the container they came in or a zip lock baggie. Allow diners to apply dressing of thier choice.  Optional toppings -- boiled eggs, shredded cheese, seeds, dried fruit, crutons, olives."], ["created_at", "2021-04-17 17:45:49.045155"], ["updated_at", "2021-04-17 17:45:49.045155"]]
  [1m[36mTRANSACTION (0.8ms)[0m  [1m[36mcommit transaction[0m
  [1m[36mTRANSACTION (0.0ms)[0m  [1m[36mbegin transaction[0m
  [1m[36mRecipe Load (0.1ms)[0m  [1m[34mSELECT "recipes".* FROM "recipes" WHERE "recipes"."id" = ? LIMIT ?[0m  [["id", 1], ["LIMIT", 1]]
  [1m[36mIngredient Create (0.3ms)[0m  [1m[32mINSERT INTO "ingredients" ("recipe_id", "created_at", "updated_at") VALUES (?, ?, ?)[0m  [["recipe_id", 1], ["created_at", "2021-04-17 17:45:49.061388"], ["updated_at", "2021-04-17 17:45:49.061388"]]
  [1m[36mTRANSACTION (0.6ms)[0m  [1m[36mcommit transaction[0m
  [1m[36mTRANSACTION (0.0ms)[0m  [1m[36mbegin transaction[0m
  [1m[36mRecipe Load (0.1ms)[0m  [1m[34mSELECT "recipes".* FROM "recipes" WHERE "recipes"."id" = ? LIMIT ?[0m  [["id", 1], ["LIMIT", 1]]
  [1m[36mIngredient Create (0.2ms)[0m  [1m[32mINSERT INTO "ingredients" ("recipe_id", "created_at", "updated_at") VALUES (?, ?, ?)[0m  [["recipe_id", 1], ["created_at", "2021-04-17 17:45:49.065559"], ["updated_at", "2021-04-17 17:45:49.065559"]]
  [1m[36mTRANSACTION (0.5ms)[0m  [1m[36mcommit transaction[0m
  [1m[36mTRANSACTION (0.0ms)[0m  [1m[36mbegin transaction[0m
  [1m[36mRecipe Load (0.1ms)[0m  [1m[34mSELECT "recipes".* FROM "recipes" WHERE "recipes"."id" = ? LIMIT ?[0m  [["id", 1], ["LIMIT", 1]]
  [1m[36mIngredient Create (0.2ms)[0m  [1m[32mINSERT INTO "ingredients" ("recipe_id", "created_at", "updated_at") VALUES (?, ?, ?)[0m  [["recipe_id", 1], ["created_at", "2021-04-17 17:45:49.069212"], ["updated_at", "2021-04-17 17:45:49.069212"]]
  [1m[36mTRANSACTION (0.5ms)[0m  [1m[36mcommit transaction[0m
  [1m[36mTRANSACTION (0.0ms)[0m  [1m[36mbegin transaction[0m
  [1m[36mRecipe Load (0.1ms)[0m  [1m[34mSELECT "recipes".* FROM "recipes" WHERE "recipes"."id" = ? LIMIT ?[0m  [["id", 1], ["LIMIT", 1]]
  [1m[36mIngredient Create (0.2ms)[0m  [1m[32mINSERT INTO "ingredients" ("recipe_id", "created_at", "updated_at") VALUES (?, ?, ?)[0m  [["recipe_id", 1], ["created_at", "2021-04-17 17:45:49.072975"], ["updated_at", "2021-04-17 17:45:49.072975"]]
  [1m[36mTRANSACTION (0.4ms)[0m  [1m[36mcommit transaction[0m
  [1m[36mTRANSACTION (0.0ms)[0m  [1m[36mbegin transaction[0m
  [1m[36mRecipe Load (0.1ms)[0m  [1m[34mSELECT "recipes".* FROM "recipes" WHERE "recipes"."id" = ? LIMIT ?[0m  [["id", 1], ["LIMIT", 1]]
  [1m[36mIngredient Create (0.2ms)[0m  [1m[32mINSERT INTO "ingredients" ("recipe_id", "created_at", "updated_at") VALUES (?, ?, ?)[0m  [["recipe_id", 1], ["created_at", "2021-04-17 17:45:49.076330"], ["updated_at", "2021-04-17 17:45:49.076330"]]
  [1m[36mTRANSACTION (0.4ms)[0m  [1m[36mcommit transaction[0m
  [1m[36mTRANSACTION (0.0ms)[0m  [1m[36mbegin transaction[0m
  [1m[36mRecipe Load (0.1ms)[0m  [1m[34mSELECT "recipes".* FROM "recipes" WHERE "recipes"."id" = ? LIMIT ?[0m  [["id", 1], ["LIMIT", 1]]
  [1m[36mIngredient Create (0.2ms)[0m  [1m[32mINSERT INTO "ingredients" ("recipe_id", "created_at", "updated_at") VALUES (?, ?, ?)[0m  [["recipe_id", 1], ["created_at", "2021-04-17 17:45:49.079470"], ["updated_at", "2021-04-17 17:45:49.079470"]]
  [1m[36mTRANSACTION (0.5ms)[0m  [1m[36mcommit transaction[0m
  [1m[36mTRANSACTION (0.0ms)[0m  [1m[36mbegin transaction[0m
  [1m[36mRecipe Load (0.1ms)[0m  [1m[34mSELECT "recipes".* FROM "recipes" WHERE "recipes"."id" = ? LIMIT ?[0m  [["id", 1], ["LIMIT", 1]]
  [1m[36mIngredient Create (0.2ms)[0m  [1m[32mINSERT INTO "ingredients" ("recipe_id", "created_at", "updated_at") VALUES (?, ?, ?)[0m  [["recipe_id", 1], ["created_at", "2021-04-17 17:45:49.082601"], ["updated_at", "2021-04-17 17:45:49.082601"]]
  [1m[36mTRANSACTION (0.7ms)[0m  [1m[36mcommit transaction[0m
Started GET "/recipes" for 127.0.0.1 at 2021-04-17 12:46:12 -0500
  [1m[35m (0.4ms)[0m  [1m[34mSELECT sqlite_version(*)[0m
  [1m[35m (0.1ms)[0m  [1m[34mSELECT "schema_migrations"."version" FROM "schema_migrations" ORDER BY "schema_migrations"."version" ASC[0m
Processing by RecipesController#index as HTML
  [1m[36mRecipe Load (0.1ms)[0m  [1m[34mSELECT "recipes".* FROM "recipes"[0m
  ↳ app/controllers/recipes_controller.rb:8:in `index'
Completed 200 OK in 28ms (Views: 22.0ms | ActiveRecord: 0.5ms | Allocations: 7499)


  [1m[35m (0.3ms)[0m  [1m[34mSELECT sqlite_version(*)[0m
  [1m[35m (0.1ms)[0m  [1m[34mSELECT "schema_migrations"."version" FROM "schema_migrations" ORDER BY "schema_migrations"."version" ASC[0m
  [1m[35m (0.1ms)[0m  [1m[34mSELECT "ar_internal_metadata"."value" FROM "ar_internal_metadata" WHERE "ar_internal_metadata"."key" = ?[0m  [["key", "environment"]]
  [1m[35m (0.1ms)[0m  [1m[34mSELECT "schema_migrations"."version" FROM "schema_migrations" ORDER BY "schema_migrations"."version" ASC[0m
  [1m[35m (0.1ms)[0m  [1m[34mSELECT "ar_internal_metadata"."value" FROM "ar_internal_metadata" WHERE "ar_internal_metadata"."key" = ?[0m  [["key", "environment"]]
  [1m[35m (0.1ms)[0m  [1m[34mSELECT "schema_migrations"."version" FROM "schema_migrations" ORDER BY "schema_migrations"."version" ASC[0m
  [1m[35m (0.1ms)[0m  [1m[34mSELECT "ar_internal_metadata"."value" FROM "ar_internal_metadata" WHERE "ar_internal_metadata"."key" = ?[0m  [["key", "environment"]]
  [1m[35m (0.3ms)[0m  [1m[34mSELECT sqlite_version(*)[0m
  [1m[35m (1.7ms)[0m  [1m[35mCREATE TABLE "schema_migrations" ("version" varchar NOT NULL PRIMARY KEY)[0m
  [1m[35m (1.0ms)[0m  [1m[35mCREATE TABLE "ar_internal_metadata" ("key" varchar NOT NULL PRIMARY KEY, "value" varchar, "created_at" datetime(6) NOT NULL, "updated_at" datetime(6) NOT NULL)[0m
  [1m[35m (0.1ms)[0m  [1m[34mSELECT "schema_migrations"."version" FROM "schema_migrations" ORDER BY "schema_migrations"."version" ASC[0m
Migrating to CreateRecipes (20210417164351)
  [1m[36mTRANSACTION (0.0ms)[0m  [1m[36mbegin transaction[0m
  [1m[35m (0.3ms)[0m  [1m[35mCREATE TABLE "recipes" ("id" integer PRIMARY KEY AUTOINCREMENT NOT NULL, "title" varchar, "instructions" varchar, "created_at" datetime(6) NOT NULL, "updated_at" datetime(6) NOT NULL)[0m
  [1m[36mActiveRecord::SchemaMigration Create (0.1ms)[0m  [1m[32mINSERT INTO "schema_migrations" ("version") VALUES (?)[0m  [["version", "20210417164351"]]
  [1m[36mTRANSACTION (0.9ms)[0m  [1m[36mcommit transaction[0m
Migrating to CreateIngredients (20210417164433)
  [1m[36mTRANSACTION (0.0ms)[0m  [1m[36mbegin transaction[0m
  [1m[35m (0.3ms)[0m  [1m[35mCREATE TABLE "ingredients" ("id" integer PRIMARY KEY AUTOINCREMENT NOT NULL, "name" varchar, "measurement" varchar, "recipe_id" integer, "created_at" datetime(6) NOT NULL, "updated_at" datetime(6) NOT NULL)[0m
  [1m[35m (0.1ms)[0m  [1m[35mCREATE INDEX "index_ingredients_on_recipe_id" ON "ingredients" ("recipe_id")[0m
  [1m[36mActiveRecord::SchemaMigration Create (0.2ms)[0m  [1m[32mINSERT INTO "schema_migrations" ("version") VALUES (?)[0m  [["version", "20210417164433"]]
  [1m[36mTRANSACTION (0.9ms)[0m  [1m[36mcommit transaction[0m
  [1m[36mActiveRecord::InternalMetadata Load (0.1ms)[0m  [1m[34mSELECT "ar_internal_metadata".* FROM "ar_internal_metadata" WHERE "ar_internal_metadata"."key" = ? LIMIT ?[0m  [["key", "environment"], ["LIMIT", 1]]
  [1m[36mTRANSACTION (0.0ms)[0m  [1m[36mbegin transaction[0m
  [1m[36mActiveRecord::InternalMetadata Create (0.3ms)[0m  [1m[32mINSERT INTO "ar_internal_metadata" ("key", "value", "created_at", "updated_at") VALUES (?, ?, ?, ?)[0m  [["key", "environment"], ["value", "development"], ["created_at", "2021-04-17 17:47:55.628648"], ["updated_at", "2021-04-17 17:47:55.628648"]]
  [1m[36mTRANSACTION (0.7ms)[0m  [1m[36mcommit transaction[0m
  [1m[35m (0.0ms)[0m  [1m[34mSELECT sqlite_version(*)[0m
  [1m[35m (0.1ms)[0m  [1m[34mSELECT "schema_migrations"."version" FROM "schema_migrations" ORDER BY "schema_migrations"."version" ASC[0m
  [1m[35m (0.3ms)[0m  [1m[34mSELECT sqlite_version(*)[0m
  [1m[35m (0.1ms)[0m  [1m[34mSELECT "schema_migrations"."version" FROM "schema_migrations" ORDER BY "schema_migrations"."version" ASC[0m
  [1m[35m (0.1ms)[0m  [1m[34mSELECT sqlite_version(*)[0m
  [1m[36mTRANSACTION (0.0ms)[0m  [1m[36mbegin transaction[0m
  [1m[36mRecipe Create (0.4ms)[0m  [1m[32mINSERT INTO "recipes" ("title", "instructions", "created_at", "updated_at") VALUES (?, ?, ?, ?)[0m  [["title", "Lettuce Salad"], ["instructions", "Wash all produce before you use it. Only break up enough lettuce for each meal as it lasts longer whole.  Break up iceburg lettuce, romaine lettuce and fresh baby spinach into bite size pieces.  Mix together and place in either a large salad bowl or individual bowls. The cucumber can be peeled or not to taste. Slice it in medallions or long along the axis. Extra cucumber can be saved in an air tight bowl with a little water in it.  Cut the tops and bottoms off your radishes and slice them into medallions. Extra radishes can be saved in an open bowl with water in the bottom. Add grape tomatoes to salad. Save extras in the container they came in or a zip lock baggie. Allow diners to apply dressing of thier choice.  Optional toppings -- boiled eggs, shredded cheese, seeds, dried fruit, crutons, olives."], ["created_at", "2021-04-17 17:48:00.134896"], ["updated_at", "2021-04-17 17:48:00.134896"]]
  [1m[36mTRANSACTION (0.8ms)[0m  [1m[36mcommit transaction[0m
  [1m[36mTRANSACTION (0.0ms)[0m  [1m[36mbegin transaction[0m
  [1m[36mRecipe Load (0.1ms)[0m  [1m[34mSELECT "recipes".* FROM "recipes" WHERE "recipes"."id" = ? LIMIT ?[0m  [["id", 1], ["LIMIT", 1]]
  [1m[36mIngredient Create (0.2ms)[0m  [1m[32mINSERT INTO "ingredients" ("name", "measurement", "recipe_id", "created_at", "updated_at") VALUES (?, ?, ?, ?, ?)[0m  [["name", "Iceburg Lettuce"], ["measurement", "1 head"], ["recipe_id", 1], ["created_at", "2021-04-17 17:48:00.147817"], ["updated_at", "2021-04-17 17:48:00.147817"]]
  [1m[36mTRANSACTION (0.6ms)[0m  [1m[36mcommit transaction[0m
  [1m[36mTRANSACTION (0.0ms)[0m  [1m[36mbegin transaction[0m
  [1m[36mRecipe Load (0.1ms)[0m  [1m[34mSELECT "recipes".* FROM "recipes" WHERE "recipes"."id" = ? LIMIT ?[0m  [["id", 1], ["LIMIT", 1]]
  [1m[36mIngredient Create (0.2ms)[0m  [1m[32mINSERT INTO "ingredients" ("recipe_id", "created_at", "updated_at") VALUES (?, ?, ?)[0m  [["recipe_id", 1], ["created_at", "2021-04-17 17:48:00.152225"], ["updated_at", "2021-04-17 17:48:00.152225"]]
  [1m[36mTRANSACTION (0.6ms)[0m  [1m[36mcommit transaction[0m
  [1m[36mTRANSACTION (0.0ms)[0m  [1m[36mbegin transaction[0m
  [1m[36mRecipe Load (0.1ms)[0m  [1m[34mSELECT "recipes".* FROM "recipes" WHERE "recipes"."id" = ? LIMIT ?[0m  [["id", 1], ["LIMIT", 1]]
  [1m[36mIngredient Create (0.2ms)[0m  [1m[32mINSERT INTO "ingredients" ("recipe_id", "created_at", "updated_at") VALUES (?, ?, ?)[0m  [["recipe_id", 1], ["created_at", "2021-04-17 17:48:00.156329"], ["updated_at", "2021-04-17 17:48:00.156329"]]
  [1m[36mTRANSACTION (0.5ms)[0m  [1m[36mcommit transaction[0m
  [1m[36mTRANSACTION (0.0ms)[0m  [1m[36mbegin transaction[0m
  [1m[36mRecipe Load (0.1ms)[0m  [1m[34mSELECT "recipes".* FROM "recipes" WHERE "recipes"."id" = ? LIMIT ?[0m  [["id", 1], ["LIMIT", 1]]
  [1m[36mIngredient Create (0.2ms)[0m  [1m[32mINSERT INTO "ingredients" ("recipe_id", "created_at", "updated_at") VALUES (?, ?, ?)[0m  [["recipe_id", 1], ["created_at", "2021-04-17 17:48:00.160266"], ["updated_at", "2021-04-17 17:48:00.160266"]]
  [1m[36mTRANSACTION (0.8ms)[0m  [1m[36mcommit transaction[0m
  [1m[36mTRANSACTION (0.0ms)[0m  [1m[36mbegin transaction[0m
  [1m[36mRecipe Load (0.1ms)[0m  [1m[34mSELECT "recipes".* FROM "recipes" WHERE "recipes"."id" = ? LIMIT ?[0m  [["id", 1], ["LIMIT", 1]]
  [1m[36mIngredient Create (0.2ms)[0m  [1m[32mINSERT INTO "ingredients" ("recipe_id", "created_at", "updated_at") VALUES (?, ?, ?)[0m  [["recipe_id", 1], ["created_at", "2021-04-17 17:48:00.164436"], ["updated_at", "2021-04-17 17:48:00.164436"]]
  [1m[36mTRANSACTION (0.6ms)[0m  [1m[36mcommit transaction[0m
  [1m[36mTRANSACTION (0.0ms)[0m  [1m[36mbegin transaction[0m
  [1m[36mRecipe Load (0.1ms)[0m  [1m[34mSELECT "recipes".* FROM "recipes" WHERE "recipes"."id" = ? LIMIT ?[0m  [["id", 1], ["LIMIT", 1]]
  [1m[36mIngredient Create (0.2ms)[0m  [1m[32mINSERT INTO "ingredients" ("recipe_id", "created_at", "updated_at") VALUES (?, ?, ?)[0m  [["recipe_id", 1], ["created_at", "2021-04-17 17:48:00.168396"], ["updated_at", "2021-04-17 17:48:00.168396"]]
  [1m[36mTRANSACTION (0.6ms)[0m  [1m[36mcommit transaction[0m
  [1m[36mTRANSACTION (0.0ms)[0m  [1m[36mbegin transaction[0m
  [1m[36mRecipe Load (0.1ms)[0m  [1m[34mSELECT "recipes".* FROM "recipes" WHERE "recipes"."id" = ? LIMIT ?[0m  [["id", 1], ["LIMIT", 1]]
  [1m[36mIngredient Create (0.2ms)[0m  [1m[32mINSERT INTO "ingredients" ("recipe_id", "created_at", "updated_at") VALUES (?, ?, ?)[0m  [["recipe_id", 1], ["created_at", "2021-04-17 17:48:00.172288"], ["updated_at", "2021-04-17 17:48:00.172288"]]
  [1m[36mTRANSACTION (0.6ms)[0m  [1m[36mcommit transaction[0m
Started GET "/ingredients" for 127.0.0.1 at 2021-04-17 12:48:20 -0500
  [1m[35m (0.3ms)[0m  [1m[34mSELECT sqlite_version(*)[0m
  [1m[35m (0.1ms)[0m  [1m[34mSELECT "schema_migrations"."version" FROM "schema_migrations" ORDER BY "schema_migrations"."version" ASC[0m
Processing by IngredientsController#index as HTML
  [1m[36mIngredient Load (0.2ms)[0m  [1m[34mSELECT "ingredients".* FROM "ingredients"[0m
  ↳ app/controllers/ingredients_controller.rb:8:in `index'
Completed 200 OK in 27ms (Views: 21.5ms | ActiveRecord: 0.5ms | Allocations: 8315)


  [1m[35m (0.3ms)[0m  [1m[34mSELECT sqlite_version(*)[0m
  [1m[35m (0.1ms)[0m  [1m[34mSELECT "schema_migrations"."version" FROM "schema_migrations" ORDER BY "schema_migrations"."version" ASC[0m
  [1m[35m (0.1ms)[0m  [1m[34mSELECT "ar_internal_metadata"."value" FROM "ar_internal_metadata" WHERE "ar_internal_metadata"."key" = ?[0m  [["key", "environment"]]
  [1m[35m (0.1ms)[0m  [1m[34mSELECT "schema_migrations"."version" FROM "schema_migrations" ORDER BY "schema_migrations"."version" ASC[0m
  [1m[35m (0.1ms)[0m  [1m[34mSELECT "ar_internal_metadata"."value" FROM "ar_internal_metadata" WHERE "ar_internal_metadata"."key" = ?[0m  [["key", "environment"]]
  [1m[35m (0.1ms)[0m  [1m[34mSELECT "schema_migrations"."version" FROM "schema_migrations" ORDER BY "schema_migrations"."version" ASC[0m
  [1m[35m (0.1ms)[0m  [1m[34mSELECT "ar_internal_metadata"."value" FROM "ar_internal_metadata" WHERE "ar_internal_metadata"."key" = ?[0m  [["key", "environment"]]
  [1m[35m (0.3ms)[0m  [1m[34mSELECT sqlite_version(*)[0m
  [1m[35m (2.0ms)[0m  [1m[35mCREATE TABLE "schema_migrations" ("version" varchar NOT NULL PRIMARY KEY)[0m
  [1m[35m (1.5ms)[0m  [1m[35mCREATE TABLE "ar_internal_metadata" ("key" varchar NOT NULL PRIMARY KEY, "value" varchar, "created_at" datetime(6) NOT NULL, "updated_at" datetime(6) NOT NULL)[0m
  [1m[35m (0.1ms)[0m  [1m[34mSELECT "schema_migrations"."version" FROM "schema_migrations" ORDER BY "schema_migrations"."version" ASC[0m
Migrating to CreateRecipes (20210417164351)
  [1m[36mTRANSACTION (0.0ms)[0m  [1m[36mbegin transaction[0m
  [1m[35m (0.3ms)[0m  [1m[35mCREATE TABLE "recipes" ("id" integer PRIMARY KEY AUTOINCREMENT NOT NULL, "title" varchar, "instructions" varchar, "created_at" datetime(6) NOT NULL, "updated_at" datetime(6) NOT NULL)[0m
  [1m[36mActiveRecord::SchemaMigration Create (0.1ms)[0m  [1m[32mINSERT INTO "schema_migrations" ("version") VALUES (?)[0m  [["version", "20210417164351"]]
  [1m[36mTRANSACTION (0.7ms)[0m  [1m[36mcommit transaction[0m
Migrating to CreateIngredients (20210417164433)
  [1m[36mTRANSACTION (0.0ms)[0m  [1m[36mbegin transaction[0m
  [1m[35m (0.3ms)[0m  [1m[35mCREATE TABLE "ingredients" ("id" integer PRIMARY KEY AUTOINCREMENT NOT NULL, "name" varchar, "measurement" varchar, "recipe_id" integer, "created_at" datetime(6) NOT NULL, "updated_at" datetime(6) NOT NULL)[0m
  [1m[35m (0.1ms)[0m  [1m[35mCREATE INDEX "index_ingredients_on_recipe_id" ON "ingredients" ("recipe_id")[0m
  [1m[36mActiveRecord::SchemaMigration Create (0.1ms)[0m  [1m[32mINSERT INTO "schema_migrations" ("version") VALUES (?)[0m  [["version", "20210417164433"]]
  [1m[36mTRANSACTION (0.6ms)[0m  [1m[36mcommit transaction[0m
  [1m[36mActiveRecord::InternalMetadata Load (0.1ms)[0m  [1m[34mSELECT "ar_internal_metadata".* FROM "ar_internal_metadata" WHERE "ar_internal_metadata"."key" = ? LIMIT ?[0m  [["key", "environment"], ["LIMIT", 1]]
  [1m[36mTRANSACTION (0.0ms)[0m  [1m[36mbegin transaction[0m
  [1m[36mActiveRecord::InternalMetadata Create (0.2ms)[0m  [1m[32mINSERT INTO "ar_internal_metadata" ("key", "value", "created_at", "updated_at") VALUES (?, ?, ?, ?)[0m  [["key", "environment"], ["value", "development"], ["created_at", "2021-04-17 17:51:08.803957"], ["updated_at", "2021-04-17 17:51:08.803957"]]
  [1m[36mTRANSACTION (0.6ms)[0m  [1m[36mcommit transaction[0m
  [1m[35m (0.0ms)[0m  [1m[34mSELECT sqlite_version(*)[0m
  [1m[35m (0.1ms)[0m  [1m[34mSELECT "schema_migrations"."version" FROM "schema_migrations" ORDER BY "schema_migrations"."version" ASC[0m
  [1m[35m (0.3ms)[0m  [1m[34mSELECT sqlite_version(*)[0m
  [1m[35m (0.1ms)[0m  [1m[34mSELECT "schema_migrations"."version" FROM "schema_migrations" ORDER BY "schema_migrations"."version" ASC[0m
  [1m[35m (0.0ms)[0m  [1m[34mSELECT sqlite_version(*)[0m
  [1m[36mTRANSACTION (0.1ms)[0m  [1m[36mbegin transaction[0m
  [1m[36mRecipe Create (0.4ms)[0m  [1m[32mINSERT INTO "recipes" ("title", "instructions", "created_at", "updated_at") VALUES (?, ?, ?, ?)[0m  [["title", "Lettuce Salad"], ["instructions", "Wash all produce before you use it. Only break up enough lettuce for each meal as it lasts longer whole.  Break up iceburg lettuce, romaine lettuce and fresh baby spinach into bite size pieces.  Mix together and place in either a large salad bowl or individual bowls. The cucumber can be peeled or not to taste. Slice it in medallions or long along the axis. Extra cucumber can be saved in an air tight bowl with a little water in it.  Cut the tops and bottoms off your radishes and slice them into medallions. Extra radishes can be saved in an open bowl with water in the bottom. Add grape tomatoes to salad. Save extras in the container they came in or a zip lock baggie. Allow diners to apply dressing of thier choice.  Optional toppings -- boiled eggs, shredded cheese, seeds, dried fruit, crutons, olives."], ["created_at", "2021-04-17 17:51:13.511663"], ["updated_at", "2021-04-17 17:51:13.511663"]]
  [1m[36mTRANSACTION (0.7ms)[0m  [1m[36mcommit transaction[0m
  [1m[36mTRANSACTION (0.0ms)[0m  [1m[36mbegin transaction[0m
  [1m[36mRecipe Load (0.1ms)[0m  [1m[34mSELECT "recipes".* FROM "recipes" WHERE "recipes"."id" = ? LIMIT ?[0m  [["id", 1], ["LIMIT", 1]]
  [1m[36mIngredient Create (0.3ms)[0m  [1m[32mINSERT INTO "ingredients" ("name", "measurement", "recipe_id", "created_at", "updated_at") VALUES (?, ?, ?, ?, ?)[0m  [["name", "Iceburg Lettuce"], ["measurement", "1 head"], ["recipe_id", 1], ["created_at", "2021-04-17 17:51:13.524663"], ["updated_at", "2021-04-17 17:51:13.524663"]]
  [1m[36mTRANSACTION (0.6ms)[0m  [1m[36mcommit transaction[0m
  [1m[36mTRANSACTION (0.0ms)[0m  [1m[36mbegin transaction[0m
  [1m[36mRecipe Load (0.1ms)[0m  [1m[34mSELECT "recipes".* FROM "recipes" WHERE "recipes"."id" = ? LIMIT ?[0m  [["id", 1], ["LIMIT", 1]]
  [1m[36mIngredient Create (0.2ms)[0m  [1m[32mINSERT INTO "ingredients" ("name", "measurement", "recipe_id", "created_at", "updated_at") VALUES (?, ?, ?, ?, ?)[0m  [["name", "Romaine Lettuce"], ["measurement", "1 Bunch"], ["recipe_id", 1], ["created_at", "2021-04-17 17:51:13.528744"], ["updated_at", "2021-04-17 17:51:13.528744"]]
  [1m[36mTRANSACTION (0.6ms)[0m  [1m[36mcommit transaction[0m
  [1m[36mTRANSACTION (0.0ms)[0m  [1m[36mbegin transaction[0m
  [1m[36mRecipe Load (0.1ms)[0m  [1m[34mSELECT "recipes".* FROM "recipes" WHERE "recipes"."id" = ? LIMIT ?[0m  [["id", 1], ["LIMIT", 1]]
  [1m[36mIngredient Create (0.2ms)[0m  [1m[32mINSERT INTO "ingredients" ("name", "measurement", "recipe_id", "created_at", "updated_at") VALUES (?, ?, ?, ?, ?)[0m  [["name", "Fresh Baby Spinach"], ["measurement", "1 Bunch"], ["recipe_id", 1], ["created_at", "2021-04-17 17:51:13.533499"], ["updated_at", "2021-04-17 17:51:13.533499"]]
  [1m[36mTRANSACTION (0.7ms)[0m  [1m[36mcommit transaction[0m
  [1m[36mTRANSACTION (0.0ms)[0m  [1m[36mbegin transaction[0m
  [1m[36mRecipe Load (0.1ms)[0m  [1m[34mSELECT "recipes".* FROM "recipes" WHERE "recipes"."id" = ? LIMIT ?[0m  [["id", 1], ["LIMIT", 1]]
  [1m[36mIngredient Create (0.2ms)[0m  [1m[32mINSERT INTO "ingredients" ("name", "measurement", "recipe_id", "created_at", "updated_at") VALUES (?, ?, ?, ?, ?)[0m  [["name", "Cucumber"], ["measurement", "1"], ["recipe_id", 1], ["created_at", "2021-04-17 17:51:13.537392"], ["updated_at", "2021-04-17 17:51:13.537392"]]
  [1m[36mTRANSACTION (0.5ms)[0m  [1m[36mcommit transaction[0m
  [1m[36mTRANSACTION (0.0ms)[0m  [1m[36mbegin transaction[0m
  [1m[36mRecipe Load (0.1ms)[0m  [1m[34mSELECT "recipes".* FROM "recipes" WHERE "recipes"."id" = ? LIMIT ?[0m  [["id", 1], ["LIMIT", 1]]
  [1m[36mIngredient Create (0.2ms)[0m  [1m[32mINSERT INTO "ingredients" ("name", "measurement", "recipe_id", "created_at", "updated_at") VALUES (?, ?, ?, ?, ?)[0m  [["name", "Radish"], ["measurement", "1 bunch"], ["recipe_id", 1], ["created_at", "2021-04-17 17:51:13.541009"], ["updated_at", "2021-04-17 17:51:13.541009"]]
  [1m[36mTRANSACTION (0.6ms)[0m  [1m[36mcommit transaction[0m
  [1m[36mTRANSACTION (0.0ms)[0m  [1m[36mbegin transaction[0m
  [1m[36mRecipe Load (0.1ms)[0m  [1m[34mSELECT "recipes".* FROM "recipes" WHERE "recipes"."id" = ? LIMIT ?[0m  [["id", 1], ["LIMIT", 1]]
  [1m[36mIngredient Create (0.2ms)[0m  [1m[32mINSERT INTO "ingredients" ("name", "measurement", "recipe_id", "created_at", "updated_at") VALUES (?, ?, ?, ?, ?)[0m  [["name", "Grape Tomatoes"], ["measurement", "1 container"], ["recipe_id", 1], ["created_at", "2021-04-17 17:51:13.544683"], ["updated_at", "2021-04-17 17:51:13.544683"]]
  [1m[36mTRANSACTION (0.6ms)[0m  [1m[36mcommit transaction[0m
  [1m[36mTRANSACTION (0.0ms)[0m  [1m[36mbegin transaction[0m
  [1m[36mRecipe Load (0.1ms)[0m  [1m[34mSELECT "recipes".* FROM "recipes" WHERE "recipes"."id" = ? LIMIT ?[0m  [["id", 1], ["LIMIT", 1]]
  [1m[36mIngredient Create (0.2ms)[0m  [1m[32mINSERT INTO "ingredients" ("name", "measurement", "recipe_id", "created_at", "updated_at") VALUES (?, ?, ?, ?, ?)[0m  [["name", "Dressing"], ["measurement", "Variable"], ["recipe_id", 1], ["created_at", "2021-04-17 17:51:13.548206"], ["updated_at", "2021-04-17 17:51:13.548206"]]
  [1m[36mTRANSACTION (0.6ms)[0m  [1m[36mcommit transaction[0m
Started GET "/ingredients" for 127.0.0.1 at 2021-04-17 12:51:27 -0500
  [1m[35m (0.3ms)[0m  [1m[34mSELECT sqlite_version(*)[0m
  [1m[35m (0.1ms)[0m  [1m[34mSELECT "schema_migrations"."version" FROM "schema_migrations" ORDER BY "schema_migrations"."version" ASC[0m
Processing by IngredientsController#index as HTML
  [1m[36mIngredient Load (0.1ms)[0m  [1m[34mSELECT "ingredients".* FROM "ingredients"[0m
  ↳ app/controllers/ingredients_controller.rb:8:in `index'
Completed 200 OK in 28ms (Views: 23.1ms | ActiveRecord: 0.5ms | Allocations: 8411)


Started GET "/recipes" for 127.0.0.1 at 2021-04-17 12:51:46 -0500
Processing by RecipesController#index as HTML
  [1m[36mRecipe Load (0.3ms)[0m  [1m[34mSELECT "recipes".* FROM "recipes"[0m
  ↳ app/controllers/recipes_controller.rb:8:in `index'
Completed 200 OK in 9ms (Views: 5.2ms | ActiveRecord: 0.7ms | Allocations: 4447)


Started GET "/favicon.ico" for 127.0.0.1 at 2021-04-17 12:52:09 -0500
  
ActionController::RoutingError (No route matches [GET] "/favicon.ico"):
  
Started GET "/" for 127.0.0.1 at 2021-04-21 13:47:35 -0500
  [1m[35m (0.9ms)[0m  [1m[34mSELECT sqlite_version(*)[0m
  [1m[35m (0.3ms)[0m  [1m[34mSELECT "schema_migrations"."version" FROM "schema_migrations" ORDER BY "schema_migrations"."version" ASC[0m
Processing by Rails::WelcomeController#index as HTML
  Rendering /Users/kimberlykohel-hayes/.rvm/gems/ruby-2.6.1/gems/railties-6.1.3.1/lib/rails/templates/rails/welcome/index.html.erb
  Rendered /Users/kimberlykohel-hayes/.rvm/gems/ruby-2.6.1/gems/railties-6.1.3.1/lib/rails/templates/rails/welcome/index.html.erb (Duration: 5.1ms | Allocations: 315)
Completed 200 OK in 33ms (Views: 7.7ms | ActiveRecord: 0.0ms | Allocations: 2524)


Started GET "/favicon.ico" for 127.0.0.1 at 2021-04-21 13:47:35 -0500
  
ActionController::RoutingError (No route matches [GET] "/favicon.ico"):
  
Started GET "/recipes" for 127.0.0.1 at 2021-04-21 13:48:17 -0500
Processing by RecipesController#index as HTML
  [1m[36mRecipe Load (0.6ms)[0m  [1m[34mSELECT "recipes".* FROM "recipes"[0m
  ↳ app/controllers/recipes_controller.rb:8:in `index'
Completed 200 OK in 16ms (Views: 8.4ms | ActiveRecord: 1.2ms | Allocations: 5460)


Started GET "/recipes" for 127.0.0.1 at 2021-04-21 17:12:19 -0500
Processing by RecipesController#index as HTML
  [1m[35m (0.2ms)[0m  [1m[34mSELECT sqlite_version(*)[0m
  ↳ app/controllers/recipes_controller.rb:8:in `index'
  [1m[36mRecipe Load (0.6ms)[0m  [1m[34mSELECT "recipes".* FROM "recipes"[0m
  ↳ app/controllers/recipes_controller.rb:8:in `index'
Completed 200 OK in 26ms (Views: 22.5ms | ActiveRecord: 2.9ms | Allocations: 1307)


Started GET "/recipe" for 127.0.0.1 at 2021-04-21 17:23:05 -0500
  
ActionController::RoutingError (No route matches [GET] "/recipe"):
  
Started GET "/recipe" for 127.0.0.1 at 2021-04-21 17:25:18 -0500
  [1m[35m (1.1ms)[0m  [1m[34mSELECT sqlite_version(*)[0m
  [1m[35m (0.4ms)[0m  [1m[34mSELECT "schema_migrations"."version" FROM "schema_migrations" ORDER BY "schema_migrations"."version" ASC[0m
  
ActionController::RoutingError (No route matches [GET] "/recipe"):
  
Started GET "/recipes" for 127.0.0.1 at 2021-04-21 17:33:33 -0500
  [1m[35m (0.6ms)[0m  [1m[34mSELECT sqlite_version(*)[0m
  [1m[35m (0.1ms)[0m  [1m[34mSELECT "schema_migrations"."version" FROM "schema_migrations" ORDER BY "schema_migrations"."version" ASC[0m
Processing by RecipesController#index as */*
  [1m[36mRecipe Load (0.2ms)[0m  [1m[34mSELECT "recipes".* FROM "recipes"[0m
  ↳ app/controllers/recipes_controller.rb:8:in `index'
Completed 200 OK in 48ms (Views: 6.4ms | ActiveRecord: 0.7ms | Allocations: 7514)


Started GET "/recipes" for 127.0.0.1 at 2021-04-21 17:40:11 -0500
Processing by RecipesController#index as */*
  [1m[35m (0.1ms)[0m  [1m[34mSELECT sqlite_version(*)[0m
  ↳ app/controllers/recipes_controller.rb:8:in `index'
  [1m[36mRecipe Load (0.1ms)[0m  [1m[34mSELECT "recipes".* FROM "recipes"[0m
  ↳ app/controllers/recipes_controller.rb:8:in `index'
Completed 200 OK in 3ms (Views: 3.0ms | ActiveRecord: 0.5ms | Allocations: 1304)


Started GET "/recipes" for 127.0.0.1 at 2021-04-21 17:50:47 -0500
Processing by RecipesController#index as */*
  [1m[35m (0.1ms)[0m  [1m[34mSELECT sqlite_version(*)[0m
  ↳ app/controllers/recipes_controller.rb:8:in `index'
  [1m[36mRecipe Load (0.1ms)[0m  [1m[34mSELECT "recipes".* FROM "recipes"[0m
  ↳ app/controllers/recipes_controller.rb:8:in `index'
Completed 200 OK in 2ms (Views: 2.2ms | ActiveRecord: 0.4ms | Allocations: 1304)


Started GET "/recipes" for 127.0.0.1 at 2021-04-21 18:07:36 -0500
Processing by RecipesController#index as */*
  [1m[35m (0.1ms)[0m  [1m[34mSELECT sqlite_version(*)[0m
  ↳ app/controllers/recipes_controller.rb:8:in `index'
  [1m[36mRecipe Load (0.1ms)[0m  [1m[34mSELECT "recipes".* FROM "recipes"[0m
  ↳ app/controllers/recipes_controller.rb:8:in `index'
Completed 200 OK in 2ms (Views: 2.1ms | ActiveRecord: 0.4ms | Allocations: 1304)


Started GET "/recipes" for 127.0.0.1 at 2021-04-21 18:32:34 -0500
Processing by RecipesController#index as */*
  [1m[35m (0.1ms)[0m  [1m[34mSELECT sqlite_version(*)[0m
  ↳ app/controllers/recipes_controller.rb:8:in `index'
  [1m[36mRecipe Load (0.2ms)[0m  [1m[34mSELECT "recipes".* FROM "recipes"[0m
  ↳ app/controllers/recipes_controller.rb:8:in `index'
Completed 200 OK in 3ms (Views: 2.6ms | ActiveRecord: 0.5ms | Allocations: 1304)


Started GET "/recipes" for 127.0.0.1 at 2021-04-21 18:38:01 -0500
Processing by RecipesController#index as */*
  [1m[36mRecipe Load (0.1ms)[0m  [1m[34mSELECT "recipes".* FROM "recipes"[0m
  ↳ app/controllers/recipes_controller.rb:8:in `index'
Completed 200 OK in 1ms (Views: 1.1ms | ActiveRecord: 0.1ms | Allocations: 708)


Started GET "/recipes" for 127.0.0.1 at 2021-04-21 18:47:09 -0500
Processing by RecipesController#index as */*
  [1m[35m (0.1ms)[0m  [1m[34mSELECT sqlite_version(*)[0m
  ↳ app/controllers/recipes_controller.rb:8:in `index'
  [1m[36mRecipe Load (0.1ms)[0m  [1m[34mSELECT "recipes".* FROM "recipes"[0m
  ↳ app/controllers/recipes_controller.rb:8:in `index'
Completed 200 OK in 3ms (Views: 2.3ms | ActiveRecord: 0.4ms | Allocations: 1285)


Started GET "/recipes" for 127.0.0.1 at 2021-04-21 18:50:43 -0500
Processing by RecipesController#index as */*
  [1m[36mRecipe Load (0.1ms)[0m  [1m[34mSELECT "recipes".* FROM "recipes"[0m
  ↳ app/controllers/recipes_controller.rb:8:in `index'
Completed 200 OK in 1ms (Views: 1.0ms | ActiveRecord: 0.1ms | Allocations: 708)


Started GET "/recipes" for 127.0.0.1 at 2021-04-21 18:50:44 -0500
Processing by RecipesController#index as */*
  [1m[36mRecipe Load (0.1ms)[0m  [1m[34mSELECT "recipes".* FROM "recipes"[0m
  ↳ app/controllers/recipes_controller.rb:8:in `index'
Completed 200 OK in 3ms (Views: 2.4ms | ActiveRecord: 0.1ms | Allocations: 708)


Started GET "/recipes" for 127.0.0.1 at 2021-04-21 18:50:47 -0500
Processing by RecipesController#index as */*
  [1m[36mRecipe Load (0.4ms)[0m  [1m[34mSELECT "recipes".* FROM "recipes"[0m
  ↳ app/controllers/recipes_controller.rb:8:in `index'
Completed 200 OK in 2ms (Views: 1.4ms | ActiveRecord: 0.4ms | Allocations: 708)


Started GET "/recipes" for 127.0.0.1 at 2021-04-21 18:50:50 -0500
Processing by RecipesController#index as */*
  [1m[36mRecipe Load (0.1ms)[0m  [1m[34mSELECT "recipes".* FROM "recipes"[0m
  ↳ app/controllers/recipes_controller.rb:8:in `index'
Completed 200 OK in 2ms (Views: 1.6ms | ActiveRecord: 0.1ms | Allocations: 708)


Started GET "/recipes" for 127.0.0.1 at 2021-04-21 18:50:55 -0500
Processing by RecipesController#index as */*
  [1m[36mRecipe Load (0.1ms)[0m  [1m[34mSELECT "recipes".* FROM "recipes"[0m
  ↳ app/controllers/recipes_controller.rb:8:in `index'
Completed 200 OK in 2ms (Views: 1.5ms | ActiveRecord: 0.1ms | Allocations: 708)


Started GET "/recipes" for 127.0.0.1 at 2021-04-21 18:50:58 -0500
Processing by RecipesController#index as */*
  [1m[36mRecipe Load (0.1ms)[0m  [1m[34mSELECT "recipes".* FROM "recipes"[0m
  ↳ app/controllers/recipes_controller.rb:8:in `index'
Completed 200 OK in 2ms (Views: 2.1ms | ActiveRecord: 0.1ms | Allocations: 708)


Started GET "/recipes" for 127.0.0.1 at 2021-04-21 18:51:02 -0500
Processing by RecipesController#index as */*
  [1m[36mRecipe Load (0.1ms)[0m  [1m[34mSELECT "recipes".* FROM "recipes"[0m
  ↳ app/controllers/recipes_controller.rb:8:in `index'
Completed 200 OK in 2ms (Views: 1.9ms | ActiveRecord: 0.1ms | Allocations: 708)


Started GET "/recipes" for 127.0.0.1 at 2021-04-21 18:51:03 -0500
Processing by RecipesController#index as */*
  [1m[36mRecipe Load (0.1ms)[0m  [1m[34mSELECT "recipes".* FROM "recipes"[0m
  ↳ app/controllers/recipes_controller.rb:8:in `index'
Completed 200 OK in 2ms (Views: 1.7ms | ActiveRecord: 0.1ms | Allocations: 708)


Started GET "/recipes" for 127.0.0.1 at 2021-04-21 18:51:05 -0500
Processing by RecipesController#index as */*
  [1m[36mRecipe Load (0.2ms)[0m  [1m[34mSELECT "recipes".* FROM "recipes"[0m
  ↳ app/controllers/recipes_controller.rb:8:in `index'
Completed 200 OK in 2ms (Views: 1.6ms | ActiveRecord: 0.2ms | Allocations: 708)


Started GET "/recipes" for 127.0.0.1 at 2021-04-21 18:51:07 -0500
Processing by RecipesController#index as */*
  [1m[36mRecipe Load (0.1ms)[0m  [1m[34mSELECT "recipes".* FROM "recipes"[0m
  ↳ app/controllers/recipes_controller.rb:8:in `index'
Completed 200 OK in 2ms (Views: 1.5ms | ActiveRecord: 0.1ms | Allocations: 708)


Started GET "/recipes" for 127.0.0.1 at 2021-04-21 18:51:40 -0500
Processing by RecipesController#index as */*
  [1m[36mRecipe Load (0.1ms)[0m  [1m[34mSELECT "recipes".* FROM "recipes"[0m
  ↳ app/controllers/recipes_controller.rb:8:in `index'
Completed 200 OK in 2ms (Views: 1.8ms | ActiveRecord: 0.1ms | Allocations: 708)


Started GET "/recipes" for 127.0.0.1 at 2021-04-21 18:52:56 -0500
Processing by RecipesController#index as */*
  [1m[36mRecipe Load (0.1ms)[0m  [1m[34mSELECT "recipes".* FROM "recipes"[0m
  ↳ app/controllers/recipes_controller.rb:8:in `index'
Completed 200 OK in 2ms (Views: 1.6ms | ActiveRecord: 0.1ms | Allocations: 708)


Started GET "/recipes" for 127.0.0.1 at 2021-04-22 08:28:02 -0500
  [1m[35m (0.4ms)[0m  [1m[34mSELECT sqlite_version(*)[0m
  [1m[35m (0.2ms)[0m  [1m[34mSELECT "schema_migrations"."version" FROM "schema_migrations" ORDER BY "schema_migrations"."version" ASC[0m
Processing by RecipesController#index as */*
  [1m[36mRecipe Load (0.2ms)[0m  [1m[34mSELECT "recipes".* FROM "recipes"[0m
  ↳ app/controllers/recipes_controller.rb:8:in `index'
Completed 200 OK in 36ms (Views: 29.0ms | ActiveRecord: 0.8ms | Allocations: 7491)


Started GET "/recipes" for 127.0.0.1 at 2021-04-22 08:44:40 -0500
Processing by RecipesController#index as */*
  [1m[35m (0.1ms)[0m  [1m[34mSELECT sqlite_version(*)[0m
  ↳ app/controllers/recipes_controller.rb:8:in `index'
  [1m[36mRecipe Load (0.1ms)[0m  [1m[34mSELECT "recipes".* FROM "recipes"[0m
  ↳ app/controllers/recipes_controller.rb:8:in `index'
Completed 200 OK in 3ms (Views: 2.4ms | ActiveRecord: 0.4ms | Allocations: 1304)


Started POST "/recipes" for 127.0.0.1 at 2021-04-22 08:44:49 -0500
Processing by RecipesController#create as JSON
  Parameters: {"title"=>"b", "instructions"=>"b", "recipe"=>{"title"=>"b", "instructions"=>"b"}}
  [1m[36mTRANSACTION (0.1ms)[0m  [1m[36mbegin transaction[0m
  ↳ app/controllers/recipes_controller.rb:20:in `create'
  [1m[36mRecipe Create (1.4ms)[0m  [1m[32mINSERT INTO "recipes" ("title", "instructions", "created_at", "updated_at") VALUES (?, ?, ?, ?)[0m  [["title", "b"], ["instructions", "b"], ["created_at", "2021-04-22 13:44:49.024695"], ["updated_at", "2021-04-22 13:44:49.024695"]]
  ↳ app/controllers/recipes_controller.rb:20:in `create'
  [1m[36mTRANSACTION (0.5ms)[0m  [1m[36mcommit transaction[0m
  ↳ app/controllers/recipes_controller.rb:20:in `create'
Completed 201 Created in 6ms (Views: 0.6ms | ActiveRecord: 1.9ms | Allocations: 2151)


  [1m[35m (0.4ms)[0m  [1m[34mSELECT sqlite_version(*)[0m
  [1m[36mRecipe Load (0.1ms)[0m  [1m[34mSELECT "recipes".* FROM "recipes" /* loading for inspect */ LIMIT ?[0m  [["LIMIT", 11]]
